This file contains any messages produced by compilers while
running configure, to aid debugging if configure makes a mistake.

It was created by configure, which was
generated by GNU Autoconf 2.54.  Invocation command line was

  $ ./configure --host=mipsel-linux

## --------- ##
## Platform. ##
## --------- ##

hostname = debian
uname -m = i686
uname -r = 3.2.0-4-486
uname -s = Linux
uname -v = #1 Debian 3.2.63-2+deb7u2

/usr/bin/uname -p = unknown
/bin/uname -X     = unknown

/bin/arch              = unknown
/usr/bin/arch -k       = unknown
/usr/convex/getsysinfo = unknown
hostinfo               = unknown
/bin/machine           = unknown
/usr/bin/oslevel       = unknown
/bin/universe          = unknown

PATH: /usr/local/bin
PATH: /usr/bin
PATH: /bin
PATH: /usr/local/games
PATH: /usr/games
PATH: /opt/gcw0-toolchain/usr/bin


## ----------- ##
## Core tests. ##
## ----------- ##

configure:1459: checking for a BSD-compatible install
configure:1513: result: /usr/bin/install -c
configure:1524: checking whether build environment is sane
configure:1567: result: yes
configure:1600: checking for gawk
configure:1616: found /opt/gcw0-toolchain/usr/bin/gawk
configure:1626: result: gawk
configure:1636: checking whether make sets ${MAKE}
configure:1656: result: yes
configure:1726: checking for mipsel-linux-strip
configure:1742: found /opt/gcw0-toolchain/usr/bin/mipsel-linux-strip
configure:1752: result: mipsel-linux-strip
configure:1813: checking whether to enable maintainer-specific portions of Makefiles
configure:1822: result: no
configure:1843: checking build system type
configure:1861: result: i686-pc-linux-gnu
configure:1869: checking host system type
configure:1883: result: mipsel-unknown-linux-gnu
configure:1900: checking for mipsel-linux-gcc
configure:1916: found /opt/gcw0-toolchain/usr/bin/mipsel-linux-gcc
configure:1926: result: mipsel-linux-gcc
configure:2206: checking for C compiler version
configure:2209: mipsel-linux-gcc --version </dev/null >&5
mipsel-linux-gcc (Buildroot 2014.05-gbb847d4) 4.9.1
Copyright (C) 2014 Free Software Foundation, Inc.
This is free software; see the source for copying conditions.  There is NO
warranty; not even for MERCHANTABILITY or FITNESS FOR A PARTICULAR PURPOSE.

configure:2212: $? = 0
configure:2214: mipsel-linux-gcc -v </dev/null >&5
Using built-in specs.
COLLECT_GCC=mipsel-linux-gcc
COLLECT_LTO_WRAPPER=/opt/gcw0-toolchain/usr/libexec/gcc/mipsel-gcw0-linux-uclibc/4.9.1/lto-wrapper
Target: mipsel-gcw0-linux-uclibc
Configured with: ./configure --prefix=/opt/gcw0-toolchain/usr --sysconfdir=/opt/gcw0-toolchain/etc --enable-shared --enable-static --target=mipsel-gcw0-linux-uclibc --with-sysroot=/opt/gcw0-toolchain/usr/mipsel-gcw0-linux-uclibc/sysroot --disable-__cxa_atexit --with-gnu-ld --disable-libssp --disable-multilib --with-gmp=/opt/gcw0-toolchain/usr --with-mpfr=/opt/gcw0-toolchain/usr --enable-target-optspace --disable-libsanitizer --enable-tls --disable-libmudflap --enable-threads --with-mpc=/opt/gcw0-toolchain/usr --disable-decimal-float --with-arch=mips32r2 --with-tune=mips32r2 --with-abi=32 --with-pkgversion='Buildroot 2014.05-gbb847d4' --with-bugurl=http://bugs.buildroot.net/ --enable-languages=c,c++ --with-build-time-tools=/opt/gcw0-toolchain/usr/mipsel-gcw0-linux-uclibc/bin --disable-libgomp --enable-lto
Thread model: posix
gcc version 4.9.1 (Buildroot 2014.05-gbb847d4) 
configure:2217: $? = 0
configure:2219: mipsel-linux-gcc -V </dev/null >&5
mipsel-linux-gcc: error: unrecognized command line option '-V'
mipsel-linux-gcc: fatal error: no input files
compilation terminated.
configure:2222: $? = 1
configure:2242: checking for C compiler default output
configure:2245: mipsel-linux-gcc    conftest.c  >&5
configure:2248: $? = 0
configure:2282: result: a.out
configure:2287: checking whether the C compiler works
configure:2293: ./a.out
./configure: line 2294: ./a.out: cannot execute binary file
configure:2296: $? = 126
configure:2311: result: yes
configure:2318: checking whether we are cross compiling
configure:2320: result: yes
configure:2323: checking for suffix of executables
configure:2325: mipsel-linux-gcc -o conftest    conftest.c  >&5
configure:2328: $? = 0
configure:2351: result: 
configure:2357: checking for suffix of object files
configure:2375: mipsel-linux-gcc -c   conftest.c >&5
configure:2378: $? = 0
configure:2397: result: o
configure:2401: checking whether we are using the GNU C compiler
configure:2422: mipsel-linux-gcc -c   conftest.c >&5
configure:2425: $? = 0
configure:2428: test -s conftest.o
configure:2431: $? = 0
configure:2443: result: yes
configure:2449: checking whether mipsel-linux-gcc accepts -g
configure:2467: mipsel-linux-gcc -c -g  conftest.c >&5
configure:2470: $? = 0
configure:2473: test -s conftest.o
configure:2476: $? = 0
configure:2486: result: yes
configure:2503: checking for mipsel-linux-gcc option to accept ANSI C
configure:2560: mipsel-linux-gcc  -c -g -O2  conftest.c >&5
configure:2563: $? = 0
configure:2566: test -s conftest.o
configure:2569: $? = 0
configure:2586: result: none needed
configure:2604: mipsel-linux-gcc -c -g -O2  conftest.c >&5
conftest.c:2:3: error: unknown type name 'choke'
   choke me
   ^
conftest.c:2:3: error: expected '=', ',', ';', 'asm' or '__attribute__' at end of input
configure:2607: $? = 1
configure: failed program was:
#ifndef __cplusplus
  choke me
#endif
configure:2724: checking for style of include used by make
configure:2752: result: GNU
configure:2780: checking dependency style of mipsel-linux-gcc
configure:2842: result: gcc3
configure:2865: checking how to run the C preprocessor
configure:2891: mipsel-linux-gcc -E  conftest.c
configure:2897: $? = 0
configure:2924: mipsel-linux-gcc -E  conftest.c
configure:2920:28: fatal error: ac_nonexistent.h: No such file or directory
 #line $LINENO "configure"
                            ^
compilation terminated.
configure:2930: $? = 1
configure: failed program was:
#line 2919 "configure"
#include "confdefs.h"
#include <ac_nonexistent.h>
configure:2967: result: mipsel-linux-gcc -E
configure:2982: mipsel-linux-gcc -E  conftest.c
configure:2988: $? = 0
configure:3015: mipsel-linux-gcc -E  conftest.c
configure:3011:28: fatal error: ac_nonexistent.h: No such file or directory
 #line $LINENO "configure"
                            ^
compilation terminated.
configure:3021: $? = 1
configure: failed program was:
#line 3010 "configure"
#include "confdefs.h"
#include <ac_nonexistent.h>
configure:3061: checking for egrep
configure:3071: result: grep -E
configure:3077: checking whether mipsel-linux-gcc needs -traditional
In file included from configure:3084:0:
/opt/gcw0-toolchain/usr/mipsel-gcw0-linux-uclibc/sysroot/usr/include/sgtty.h:22:2: warning: #warning useless header on uClibc [-Wcpp]
 #warning useless header on uClibc
  ^
configure:3113: result: no
configure:3127: checking if mipsel-linux-gcc supports -g -O2 -Wall flags
configure:3144: mipsel-linux-gcc -c -g -O2 -Wall  conftest.c >&5
configure:3147: $? = 0
configure:3150: test -s conftest.o
configure:3153: $? = 0
configure:3163: result: yes
configure:3175: checking if mipsel-linux-gcc supports -g  -Wall -O3 flags
configure:3192: mipsel-linux-gcc -c -g  -Wall -O3  conftest.c >&5
configure:3195: $? = 0
configure:3198: test -s conftest.o
configure:3201: $? = 0
configure:3211: result: yes
configure:3232: checking if mipsel-linux-gcc supports -g  -Wall -O3 -fomit-frame-pointer flags
configure:3249: mipsel-linux-gcc -c -g  -Wall -O3 -fomit-frame-pointer  conftest.c >&5
configure:3252: $? = 0
configure:3255: test -s conftest.o
configure:3258: $? = 0
configure:3268: result: yes
configure:3626: checking for ld used by GCC
configure:3689: result: /opt/gcw0-toolchain/usr/mipsel-gcw0-linux-uclibc/bin/ld
configure:3698: checking if the linker (/opt/gcw0-toolchain/usr/mipsel-gcw0-linux-uclibc/bin/ld) is GNU ld
GNU ld (GNU Binutils) 2.22
configure:3710: result: yes
configure:3715: checking for /opt/gcw0-toolchain/usr/mipsel-gcw0-linux-uclibc/bin/ld option to reload object files
configure:3722: result: -r
configure:3727: checking for BSD-compatible nm
configure:3763: result: /opt/gcw0-toolchain/usr/bin/mipsel-linux-nm -B
configure:3766: checking for a sed that does not truncate output
configure:3848: result: /bin/sed
configure:3851: checking whether ln -s works
configure:3855: result: yes
configure:3862: checking how to recognise dependent libraries
configure:4043: result: pass_all
configure:4055: checking command to parse /opt/gcw0-toolchain/usr/bin/mipsel-linux-nm -B output
configure:4136: mipsel-linux-gcc -c -g  -Wall -O3 -fomit-frame-pointer  conftest.c >&5
configure:4139: $? = 0
configure:4143: /opt/gcw0-toolchain/usr/bin/mipsel-linux-nm -B conftest.o \| sed -n -e 's/^.*[ 	]\([ABCDGISTW][ABCDGISTW]*\)[ 	][ 	]*\(\)\([_A-Za-z][_A-Za-z0-9]*\)$/\1 \2\3 \3/p' \> conftest.nm
configure:4146: $? = 0
configure:4198: mipsel-linux-gcc -o conftest -g  -Wall -O3 -fomit-frame-pointer   conftest.c conftstm.o >&5
conftest.c:6:13: warning: 'main' is usually a function [-Wmain]
 extern char main;
             ^
configure:4201: $? = 0
configure:4245: result: ok
configure:4249: checking for ANSI C header files
configure:4263: mipsel-linux-gcc -E  conftest.c
configure:4269: $? = 0
configure:4378: result: yes
configure:4402: checking for sys/types.h
configure:4415: mipsel-linux-gcc -c -g  -Wall -O3 -fomit-frame-pointer  conftest.c >&5
configure:4418: $? = 0
configure:4421: test -s conftest.o
configure:4424: $? = 0
configure:4434: result: yes
configure:4402: checking for sys/stat.h
configure:4415: mipsel-linux-gcc -c -g  -Wall -O3 -fomit-frame-pointer  conftest.c >&5
configure:4418: $? = 0
configure:4421: test -s conftest.o
configure:4424: $? = 0
configure:4434: result: yes
configure:4402: checking for stdlib.h
configure:4415: mipsel-linux-gcc -c -g  -Wall -O3 -fomit-frame-pointer  conftest.c >&5
configure:4418: $? = 0
configure:4421: test -s conftest.o
configure:4424: $? = 0
configure:4434: result: yes
configure:4402: checking for string.h
configure:4415: mipsel-linux-gcc -c -g  -Wall -O3 -fomit-frame-pointer  conftest.c >&5
configure:4418: $? = 0
configure:4421: test -s conftest.o
configure:4424: $? = 0
configure:4434: result: yes
configure:4402: checking for memory.h
configure:4415: mipsel-linux-gcc -c -g  -Wall -O3 -fomit-frame-pointer  conftest.c >&5
configure:4418: $? = 0
configure:4421: test -s conftest.o
configure:4424: $? = 0
configure:4434: result: yes
configure:4402: checking for strings.h
configure:4415: mipsel-linux-gcc -c -g  -Wall -O3 -fomit-frame-pointer  conftest.c >&5
configure:4418: $? = 0
configure:4421: test -s conftest.o
configure:4424: $? = 0
configure:4434: result: yes
configure:4402: checking for inttypes.h
configure:4415: mipsel-linux-gcc -c -g  -Wall -O3 -fomit-frame-pointer  conftest.c >&5
configure:4418: $? = 0
configure:4421: test -s conftest.o
configure:4424: $? = 0
configure:4434: result: yes
configure:4402: checking for stdint.h
configure:4415: mipsel-linux-gcc -c -g  -Wall -O3 -fomit-frame-pointer  conftest.c >&5
configure:4418: $? = 0
configure:4421: test -s conftest.o
configure:4424: $? = 0
configure:4434: result: yes
configure:4402: checking for unistd.h
configure:4415: mipsel-linux-gcc -c -g  -Wall -O3 -fomit-frame-pointer  conftest.c >&5
configure:4418: $? = 0
configure:4421: test -s conftest.o
configure:4424: $? = 0
configure:4434: result: yes
configure:4460: checking dlfcn.h usability
configure:4469: mipsel-linux-gcc -c -g  -Wall -O3 -fomit-frame-pointer  conftest.c >&5
configure:4472: $? = 0
configure:4475: test -s conftest.o
configure:4478: $? = 0
configure:4487: result: yes
configure:4491: checking dlfcn.h presence
configure:4498: mipsel-linux-gcc -E  conftest.c
configure:4504: $? = 0
configure:4522: result: yes
configure:4540: checking for dlfcn.h
configure:4547: result: yes
configure:4707: checking for mipsel-linux-ranlib
configure:4723: found /opt/gcw0-toolchain/usr/bin/mipsel-linux-ranlib
configure:4733: result: mipsel-linux-ranlib
configure:4787: checking for mipsel-linux-strip
configure:4813: result: mipsel-linux-strip
configure:5057: checking for objdir
configure:5068: result: .libs
configure:5085: checking for mipsel-linux-gcc option to produce PIC
configure:5231: result: -fPIC
configure:5235: checking if mipsel-linux-gcc PIC flag -fPIC works
configure:5255: mipsel-linux-gcc -c -g  -Wall -O3 -fomit-frame-pointer -fPIC -DPIC  conftest.c >&5
configure:5258: $? = 0
configure:5261: test -s conftest.o
configure:5264: $? = 0
configure:5301: result: yes
configure:5317: checking if mipsel-linux-gcc static flag -static works
configure:5338: mipsel-linux-gcc -o conftest -g  -Wall -O3 -fomit-frame-pointer   -static conftest.c  >&5
configure:5341: $? = 0
configure:5344: test -s conftest
configure:5347: $? = 0
configure:5362: result: yes
configure:5374: checking if mipsel-linux-gcc supports -c -o file.o
configure:5394: mipsel-linux-gcc -c -g  -Wall -O3 -fomit-frame-pointer -o out/conftest2.o  conftest.c >&5
configure:5418: result: yes
configure:5423: checking if mipsel-linux-gcc supports -c -o file.lo
configure:5447: mipsel-linux-gcc -c -g  -Wall -O3 -fomit-frame-pointer -c -o conftest.lo  conftest.c >&5
configure: In function 'main':
configure:5439:5: warning: unused variable 'some_variable' [-Wunused-variable]
 main ()
     ^
configure:5450: $? = 0
configure:5453: test -s conftest.lo
configure:5456: $? = 0
configure:5477: result: yes
configure:5508: checking if mipsel-linux-gcc supports -fno-rtti -fno-exceptions
configure:5527: mipsel-linux-gcc -c -g  -Wall -O3 -fomit-frame-pointer -fno-rtti -fno-exceptions -c conftest.c  conftest.c >&5
cc1: warning: command line option '-fno-rtti' is valid for C++/ObjC++ but not for C
configure: In function 'main':
configure:5519:5: warning: unused variable 'some_variable' [-Wunused-variable]
 main ()
     ^
cc1: warning: command line option '-fno-rtti' is valid for C++/ObjC++ but not for C
configure: In function 'main':
configure:5519:5: warning: unused variable 'some_variable' [-Wunused-variable]
 main ()
     ^
configure:5530: $? = 0
configure:5533: test -s conftest.o
configure:5536: $? = 0
configure:5552: result: yes
configure:5563: checking whether the linker (/opt/gcw0-toolchain/usr/mipsel-gcw0-linux-uclibc/bin/ld) supports shared libraries
configure:6255: result: yes
configure:6260: checking how to hardcode library paths into programs
configure:6284: result: immediate
configure:6289: checking whether stripping libraries is possible
configure:6294: result: yes
configure:6305: checking dynamic linker characteristics
configure:6707: result: GNU/Linux ld.so
configure:6712: checking if libtool supports shared libraries
configure:6714: result: yes
configure:6717: checking whether to build shared libraries
configure:6738: result: no
configure:6741: checking whether to build static libraries
configure:6745: result: yes
configure:8005: checking sys/time.h usability
configure:8014: mipsel-linux-gcc -c -g  -Wall -O3 -fomit-frame-pointer  conftest.c >&5
configure:8017: $? = 0
configure:8020: test -s conftest.o
configure:8023: $? = 0
configure:8032: result: yes
configure:8036: checking sys/time.h presence
configure:8043: mipsel-linux-gcc -E  conftest.c
configure:8049: $? = 0
configure:8067: result: yes
configure:8085: checking for sys/time.h
configure:8092: result: yes
configure:8005: checking sys/timeb.h usability
configure:8014: mipsel-linux-gcc -c -g  -Wall -O3 -fomit-frame-pointer  conftest.c >&5
configure:8017: $? = 0
configure:8020: test -s conftest.o
configure:8023: $? = 0
configure:8032: result: yes
configure:8036: checking sys/timeb.h presence
configure:8043: mipsel-linux-gcc -E  conftest.c
configure:8049: $? = 0
configure:8067: result: yes
configure:8085: checking for sys/timeb.h
configure:8092: result: yes
configure:8005: checking io.h usability
configure:8014: mipsel-linux-gcc -c -g  -Wall -O3 -fomit-frame-pointer  conftest.c >&5
configure:8042:16: fatal error: io.h: No such file or directory
 _ACEOF
                ^
compilation terminated.
configure:8017: $? = 1
configure: failed program was:
#line 8007 "configure"
#include "confdefs.h"
#include <stdio.h>
#if HAVE_SYS_TYPES_H
# include <sys/types.h>
#endif
#if HAVE_SYS_STAT_H
# include <sys/stat.h>
#endif
#if STDC_HEADERS
# include <stdlib.h>
# include <stddef.h>
#else
# if HAVE_STDLIB_H
#  include <stdlib.h>
# endif
#endif
#if HAVE_STRING_H
# if !STDC_HEADERS && HAVE_MEMORY_H
#  include <memory.h>
# endif
# include <string.h>
#endif
#if HAVE_STRINGS_H
# include <strings.h>
#endif
#if HAVE_INTTYPES_H
# include <inttypes.h>
#else
# if HAVE_STDINT_H
#  include <stdint.h>
# endif
#endif
#if HAVE_UNISTD_H
# include <unistd.h>
#endif
#include <io.h>
configure:8032: result: no
configure:8036: checking io.h presence
configure:8043: mipsel-linux-gcc -E  conftest.c
configure:8039:16: fatal error: io.h: No such file or directory
 #line $LINENO "configure"
                ^
compilation terminated.
configure:8049: $? = 1
configure: failed program was:
#line 8038 "configure"
#include "confdefs.h"
#include <io.h>
configure:8067: result: no
configure:8085: checking for io.h
configure:8092: result: no
configure:8107: checking for inttypes.h
configure:8112: result: yes
configure:9206: checking for an ANSI C-conforming const
configure:9270: mipsel-linux-gcc -c -g  -Wall -O3 -fomit-frame-pointer  conftest.c >&5
configure: In function 'main':
configure:9239:17: warning: unused variable 's' [-Wunused-variable]
   { /* SCO 3.2v4 cc rejects this.  */
                 ^
configure:9259:15: warning: unused variable 'foo' [-Wunused-variable]
   }
               ^
configure:9226:29: warning: unused variable 'zero' [-Wunused-variable]
   /* NEC SVR4.0.2 mips cc rejects this.  */
                             ^
configure:9220:17: warning: unused variable 'x' [-Wunused-variable]
   /* Ultrix mips cc rejects this.  */
                 ^
configure:9241:7: warning: 't' is used uninitialized in this function [-Wuninitialized]
     char const *s = 0 ? (char *) 0 : (char const *) 0;
       ^
configure:9256:23: warning: 'b' is used uninitialized in this function [-Wuninitialized]
        "k.c", line 2.27: 1506-025 (S) Operand must be a modifiable lvalue. */
                       ^
configure:9273: $? = 0
configure:9276: test -s conftest.o
configure:9279: $? = 0
configure:9289: result: yes
configure:9299: checking for inline
configure:9317: mipsel-linux-gcc -c -g  -Wall -O3 -fomit-frame-pointer  conftest.c >&5
configure:9320: $? = 0
configure:9323: test -s conftest.o
configure:9326: $? = 0
configure:9337: result: inline
configure:9353: checking for always_inline
configure:9370: mipsel-linux-gcc -c -g  -Wall -O3 -fomit-frame-pointer -Wall -Werror  conftest.c >&5
configure:9373: $? = 0
configure:9376: test -s conftest.o
configure:9379: $? = 0
configure:9389: result: yes
configure:9398: checking for restrict
configure:9415: mipsel-linux-gcc -c -g  -Wall -O3 -fomit-frame-pointer  conftest.c >&5
configure: In function 'main':
configure:9407:17: error: expected '=', ',', ';', 'asm' or '__attribute__' before 'p'
 main ()
                 ^
configure:9407:17: error: 'p' undeclared (first use in this function)
configure:9407:17: note: each undeclared identifier is reported only once for each function it appears in
configure:9418: $? = 1
configure: failed program was:
#line 9402 "configure"
#include "confdefs.h"

int
main ()
{
char * restrict p;
  ;
  return 0;
}
configure:9415: mipsel-linux-gcc -c -g  -Wall -O3 -fomit-frame-pointer  conftest.c >&5
configure: In function 'main':
configure:9407:21: warning: unused variable 'p' [-Wunused-variable]
 main ()
                     ^
configure:9418: $? = 0
configure:9421: test -s conftest.o
configure:9424: $? = 0
configure:9433: result: __restrict__
configure:9447: checking for __builtin_expect
configure:9462: mipsel-linux-gcc -g  -Wall -O3 -fomit-frame-pointer -nostdlib -nostartfiles
            -o conftest conftest.c -lgcc >&5
/opt/gcw0-toolchain/usr/lib/gcc/mipsel-gcw0-linux-uclibc/4.9.1/../../../../mipsel-gcw0-linux-uclibc/bin/ld: warning: cannot find entry symbol __start; defaulting to 0000000000400090
configure:9465: $? = 0
configure:9473: result: yes
configure:9482: checking for size_t
configure:9503: mipsel-linux-gcc -c -g  -Wall -O3 -fomit-frame-pointer  conftest.c >&5
configure:9506: $? = 0
configure:9509: test -s conftest.o
configure:9512: $? = 0
configure:9522: result: yes
configure:9534: checking whether byte ordering is bigendian
configure:9558: mipsel-linux-gcc -c -g  -Wall -O3 -fomit-frame-pointer  conftest.c >&5
configure:9561: $? = 0
configure:9564: test -s conftest.o
configure:9567: $? = 0
configure:9588: mipsel-linux-gcc -c -g  -Wall -O3 -fomit-frame-pointer  conftest.c >&5
configure: In function 'main':
configure:9578:2: error: unknown type name 'not'
 {
  ^
configure:9578:10: error: expected '=', ',', ';', 'asm' or '__attribute__' before 'endian'
 {
          ^
configure:9591: $? = 1
configure: failed program was:
#line 9570 "configure"
#include "confdefs.h"
#include <sys/types.h>
#include <sys/param.h>

int
main ()
{
#if BYTE_ORDER != BIG_ENDIAN
 not big endian
#endif

  ;
  return 0;
}
configure:9699: result: no
configure:9725: checking for memalign
configure:9762: mipsel-linux-gcc -o conftest -g  -Wall -O3 -fomit-frame-pointer   conftest.c  >&5
configure:9765: $? = 0
configure:9768: test -s conftest
configure:9771: $? = 0
configure:9781: result: yes
configure:9725: checking for gettimeofday
configure:9762: mipsel-linux-gcc -o conftest -g  -Wall -O3 -fomit-frame-pointer   conftest.c  >&5
configure:9765: $? = 0
configure:9768: test -s conftest
configure:9771: $? = 0
configure:9781: result: yes
configure:9725: checking for ftime
configure:9762: mipsel-linux-gcc -o conftest -g  -Wall -O3 -fomit-frame-pointer   conftest.c  >&5
configure:9765: $? = 0
configure:9768: test -s conftest
configure:9771: $? = 0
configure:9781: result: yes
configure:9791: checking return type of signal handlers
configure:9819: mipsel-linux-gcc -c -g  -Wall -O3 -fomit-frame-pointer  conftest.c >&5
configure: In function 'main':
configure:9811:5: warning: unused variable 'i' [-Wunused-variable]
 main ()
     ^
configure:9822: $? = 0
configure:9825: test -s conftest.o
configure:9828: $? = 0
configure:9838: result: void
configure:9850: checking if libtool supports -prefer-non-pic flag
configure:9862: result: yes
configure:9891: checking for mlib_VideoColorYUV2RGB420 in -lmlib
configure:9918: mipsel-linux-gcc -o conftest -g  -Wall -O3 -fomit-frame-pointer -L/opt/SUNWmlib/lib -R/opt/SUNWmlib/lib   conftest.c -lmlib   >&5
/opt/gcw0-toolchain/usr/lib/gcc/mipsel-gcw0-linux-uclibc/4.9.1/../../../../mipsel-gcw0-linux-uclibc/bin/ld: cannot find -lmlib
collect2: error: ld returned 1 exit status
configure:9921: $? = 1
configure: failed program was:
#line 9898 "configure"
#include "confdefs.h"

/* Override any gcc2 internal prototype to avoid an error.  */
#ifdef __cplusplus
extern "C"
#endif
/* We use char because int might match the return type of a gcc2
   builtin and then its argument prototype would still apply.  */
char mlib_VideoColorYUV2RGB420 ();
int
main ()
{
mlib_VideoColorYUV2RGB420 ();
  ;
  return 0;
}
configure:9938: result: no
configure:9956: checking for X
configure:10058: mipsel-linux-gcc -E  conftest.c
configure:10054:27: fatal error: X11/Intrinsic.h: No such file or directory
 #line $LINENO "configure"
                           ^
compilation terminated.
configure:10064: $? = 1
configure: failed program was:
#line 10053 "configure"
#include "confdefs.h"
#include <X11/Intrinsic.h>
configure:10109: mipsel-linux-gcc -o conftest -g  -Wall -O3 -fomit-frame-pointer   conftest.c -lXt  >&5
configure:10097:27: fatal error: X11/Intrinsic.h: No such file or directory
 #line $LINENO "configure"
                           ^
compilation terminated.
configure:10112: $? = 1
configure: failed program was:
#line 10096 "configure"
#include "confdefs.h"
#include <X11/Intrinsic.h>
int
main ()
{
XtMalloc (0)
  ;
  return 0;
}
configure:10156: result: no
configure:11171: checking ddraw.h usability
configure:11180: mipsel-linux-gcc -c -g  -Wall -O3 -fomit-frame-pointer  conftest.c >&5
configure:11208:19: fatal error: ddraw.h: No such file or directory
 _ACEOF
                   ^
compilation terminated.
configure:11183: $? = 1
configure: failed program was:
#line 11173 "configure"
#include "confdefs.h"
#include <stdio.h>
#if HAVE_SYS_TYPES_H
# include <sys/types.h>
#endif
#if HAVE_SYS_STAT_H
# include <sys/stat.h>
#endif
#if STDC_HEADERS
# include <stdlib.h>
# include <stddef.h>
#else
# if HAVE_STDLIB_H
#  include <stdlib.h>
# endif
#endif
#if HAVE_STRING_H
# if !STDC_HEADERS && HAVE_MEMORY_H
#  include <memory.h>
# endif
# include <string.h>
#endif
#if HAVE_STRINGS_H
# include <strings.h>
#endif
#if HAVE_INTTYPES_H
# include <inttypes.h>
#else
# if HAVE_STDINT_H
#  include <stdint.h>
# endif
#endif
#if HAVE_UNISTD_H
# include <unistd.h>
#endif
#include <ddraw.h>
configure:11198: result: no
configure:11202: checking ddraw.h presence
configure:11209: mipsel-linux-gcc -E  conftest.c
configure:11205:19: fatal error: ddraw.h: No such file or directory
 #line $LINENO "configure"
                   ^
compilation terminated.
configure:11215: $? = 1
configure: failed program was:
#line 11204 "configure"
#include "confdefs.h"
#include <ddraw.h>
configure:11233: result: no
configure:11251: checking for ddraw.h
configure:11258: result: no
configure:11300: checking for mlib_VideoColorYUV2RGB420 in -lmlib
configure:11347: result: no
configure:11370: checking for sdl-config
configure:11386: found /usr/bin/sdl-config
configure:11396: result: yes
configure:11469: checking __attribute__ ((aligned ())) support
configure:11489: mipsel-linux-gcc -c -g  -Wall -O3 -fomit-frame-pointer  conftest.c >&5
configure:11492: $? = 0
configure:11495: test -s conftest.o
configure:11498: $? = 0
configure:11489: mipsel-linux-gcc -c -g  -Wall -O3 -fomit-frame-pointer  conftest.c >&5
configure:11492: $? = 0
configure:11495: test -s conftest.o
configure:11498: $? = 0
configure:11489: mipsel-linux-gcc -c -g  -Wall -O3 -fomit-frame-pointer  conftest.c >&5
configure:11492: $? = 0
configure:11495: test -s conftest.o
configure:11498: $? = 0
configure:11489: mipsel-linux-gcc -c -g  -Wall -O3 -fomit-frame-pointer  conftest.c >&5
configure:11492: $? = 0
configure:11495: test -s conftest.o
configure:11498: $? = 0
configure:11489: mipsel-linux-gcc -c -g  -Wall -O3 -fomit-frame-pointer  conftest.c >&5
configure:11492: $? = 0
configure:11495: test -s conftest.o
configure:11498: $? = 0
configure:11489: mipsel-linux-gcc -c -g  -Wall -O3 -fomit-frame-pointer  conftest.c >&5
configure:11492: $? = 0
configure:11495: test -s conftest.o
configure:11498: $? = 0
configure:11508: result: 64
configure:11634: creating ./config.status

## ---------------------- ##
## Running config.status. ##
## ---------------------- ##

This file was extended by config.status, which was
generated by GNU Autoconf 2.54.  Invocation command line was

  CONFIG_FILES    = 
  CONFIG_HEADERS  = 
  CONFIG_LINKS    = 
  CONFIG_COMMANDS = 
  $ ./config.status 

on debian

config.status:663: creating Makefile
config.status:663: creating autotools/Makefile
config.status:663: creating include/Makefile
config.status:663: creating test/Makefile
config.status:663: creating doc/Makefile
config.status:663: creating src/Makefile
config.status:663: creating libmpeg2/Makefile
config.status:663: creating libvo/Makefile
config.status:663: creating vc++/Makefile
config.status:663: creating libmpeg2/libmpeg2.pc
config.status:767: creating include/config.h
config.status:1013: executing depfiles commands

## ---------------- ##
## Cache variables. ##
## ---------------- ##

ac_cv_always_inline=yes
ac_cv_build=i686-pc-linux-gnu
ac_cv_build_alias=i686-pc-linux-gnu
ac_cv_builtin_expect=yes
ac_cv_c_attr_align_try=64
ac_cv_c_attribute_aligned=64
ac_cv_c_bigendian=no
ac_cv_c_compiler_gnu=yes
ac_cv_c_const=yes
ac_cv_c_inline=inline
ac_cv_c_restrict=__restrict__
ac_cv_env_CC_set=
ac_cv_env_CC_value=
ac_cv_env_CFLAGS_set=
ac_cv_env_CFLAGS_value=
ac_cv_env_CPPFLAGS_set=
ac_cv_env_CPPFLAGS_value=
ac_cv_env_CPP_set=
ac_cv_env_CPP_value=
ac_cv_env_LDFLAGS_set=
ac_cv_env_LDFLAGS_value=
ac_cv_env_build_alias_set=
ac_cv_env_build_alias_value=
ac_cv_env_host_alias_set=set
ac_cv_env_host_alias_value=mipsel-linux
ac_cv_env_target_alias_set=
ac_cv_env_target_alias_value=
ac_cv_exeext=
ac_cv_func_ftime=yes
ac_cv_func_gettimeofday=yes
ac_cv_func_memalign=yes
ac_cv_have_x=have_x=no
ac_cv_header_ddraw_h=no
ac_cv_header_dlfcn_h=yes
ac_cv_header_inttypes_h=yes
ac_cv_header_io_h=no
ac_cv_header_memory_h=yes
ac_cv_header_stdc=yes
ac_cv_header_stdint_h=yes
ac_cv_header_stdlib_h=yes
ac_cv_header_string_h=yes
ac_cv_header_strings_h=yes
ac_cv_header_sys_stat_h=yes
ac_cv_header_sys_time_h=yes
ac_cv_header_sys_timeb_h=yes
ac_cv_header_sys_types_h=yes
ac_cv_header_unistd_h=yes
ac_cv_host=mipsel-unknown-linux-gnu
ac_cv_host_alias=mipsel-linux
ac_cv_lib_mlib_mlib_VideoColorYUV2RGB420=no
ac_cv_libtool_non_pic=yes
ac_cv_objext=o
ac_cv_path_install='/usr/bin/install -c'
ac_cv_prog_AWK=gawk
ac_cv_prog_CC=mipsel-linux-gcc
ac_cv_prog_CPP='mipsel-linux-gcc -E'
ac_cv_prog_RANLIB=mipsel-linux-ranlib
ac_cv_prog_SDLCONFIG=yes
ac_cv_prog_STRIP=mipsel-linux-strip
ac_cv_prog_cc_g=yes
ac_cv_prog_cc_stdc=
ac_cv_prog_egrep='grep -E'
ac_cv_prog_gcc_traditional=no
ac_cv_prog_make_make_set=yes
ac_cv_try_cflags_ok=yes
ac_cv_type_signal=void
ac_cv_type_size_t=yes
am_cv_CC_dependencies_compiler_type=gcc3
lt_cv_compiler_c_o=yes
lt_cv_compiler_o_lo=yes
lt_cv_deplibs_check_method=pass_all
lt_cv_file_magic_cmd='$MAGIC_CMD'
lt_cv_file_magic_test_file='/lib/libc.so* /lib/libc-*.so'
lt_cv_global_symbol_to_c_name_address='sed -n -e '\''s/^: \([^ ]*\) $/  {\"\1\", (lt_ptr) 0},/p'\'' -e '\''s/^[BCDEGRST] \([^ ]*\) \([^ ]*\)$/  {"\2", (lt_ptr) \&\2},/p'\'''
lt_cv_global_symbol_to_cdecl='sed -n -e '\''s/^. .* \(.*\)$/extern char \1;/p'\'''
lt_cv_ld_reload_flag=-r
lt_cv_path_LD=/opt/gcw0-toolchain/usr/mipsel-gcw0-linux-uclibc/bin/ld
lt_cv_path_NM='/opt/gcw0-toolchain/usr/bin/mipsel-linux-nm -B'
lt_cv_path_SED=/bin/sed
lt_cv_prog_cc_can_build_shared=yes
lt_cv_prog_cc_no_builtin=
lt_cv_prog_cc_pic=' -fPIC'
lt_cv_prog_cc_pic_works=yes
lt_cv_prog_cc_shlib=
lt_cv_prog_cc_static=-static
lt_cv_prog_cc_static_works=yes
lt_cv_prog_cc_wl=-Wl,
lt_cv_prog_gnu_ld=yes
lt_cv_sys_global_symbol_pipe='sed -n -e '\''s/^.*[ 	]\([ABCDGISTW][ABCDGISTW]*\)[ 	][ 	]*\(\)\([_A-Za-z][_A-Za-z0-9]*\)$/\1 \2\3 \3/p'\'''

## ----------------- ##
## Output variables. ##
## ----------------- ##

ACLOCAL='${SHELL} /home/david/Downloads/daphne/src/vldp2/autotools/missing --run aclocal-1.7'
AMDEPBACKSLASH='\'
AMDEP_FALSE='#'
AMDEP_TRUE=''
AMTAR='${SHELL} /home/david/Downloads/daphne/src/vldp2/autotools/missing --run tar'
AUTOCONF='${SHELL} /home/david/Downloads/daphne/src/vldp2/autotools/missing --run autoconf'
AUTOHEADER='${SHELL} /home/david/Downloads/daphne/src/vldp2/autotools/missing --run autoheader'
AUTOMAKE='${SHELL} /home/david/Downloads/daphne/src/vldp2/autotools/missing --run automake-1.7'
AWK='gawk'
CC='mipsel-linux-gcc'
CCDEPMODE='depmode=gcc3'
CFLAGS='-g  -Wall -O3 -fomit-frame-pointer'
CPP='mipsel-linux-gcc -E'
CPPFLAGS=''
CYGPATH_W='echo'
DEFS='-DHAVE_CONFIG_H'
DEPDIR='.deps'
ECHO='echo'
ECHO_C=''
ECHO_N='-n'
ECHO_T=''
EGREP='grep -E'
EXEEXT=''
INCLUDES='-I$(top_srcdir)/include -I$(top_builddir)/include'
INSTALL_DATA='${INSTALL} -m 644'
INSTALL_PROGRAM='${INSTALL}'
INSTALL_SCRIPT='${INSTALL}'
INSTALL_STRIP_PROGRAM='${SHELL} $(install_sh) -c -s'
LDFLAGS=''
LIBMPEG2_CFLAGS=' -prefer-non-pic'
LIBMPEG2_LIBS=''
LIBOBJS=''
LIBS=''
LIBTOOL='$(SHELL) $(top_builddir)/libtool'
LIBVO_CFLAGS=' -I/usr/include/SDL -D_GNU_SOURCE=1 -D_REENTRANT'
LIBVO_LIBS=' -L/usr/lib/i386-linux-gnu -lSDL'
LN_S='ln -s'
LTLIBOBJS=''
MAINT='#'
MAINTAINER_MODE_FALSE=''
MAINTAINER_MODE_TRUE='#'
MAKEINFO='${SHELL} /home/david/Downloads/daphne/src/vldp2/autotools/missing --run makeinfo'
OBJEXT='o'
PACKAGE='mpeg2dec'
PACKAGE_BUGREPORT=''
PACKAGE_NAME=''
PACKAGE_STRING=''
PACKAGE_TARNAME=''
PACKAGE_VERSION=''
PATH_SEPARATOR=':'
RANLIB='mipsel-linux-ranlib'
SDLCONFIG='yes'
SET_MAKE=''
SHELL='/bin/bash'
STRIP='mipsel-linux-strip'
VERSION='0.3.1'
X_CFLAGS=''
X_EXTRA_LIBS=''
X_LIBS=''
X_PRE_LIBS=''
ac_ct_CC=''
ac_ct_RANLIB=''
ac_ct_STRIP=''
am__fastdepCC_FALSE='#'
am__fastdepCC_TRUE=''
am__include='include'
am__quote=''
bindir='${exec_prefix}/bin'
build='i686-pc-linux-gnu'
build_alias=''
build_cpu='i686'
build_os='linux-gnu'
build_vendor='pc'
datadir='${prefix}/share'
exec_prefix='${prefix}'
host='mipsel-unknown-linux-gnu'
host_alias='mipsel-linux'
host_cpu='mipsel'
host_os='linux-gnu'
host_vendor='unknown'
includedir='${prefix}/include'
infodir='${prefix}/info'
install_sh='/home/david/Downloads/daphne/src/vldp2/autotools/install-sh'
libdir='${exec_prefix}/lib'
libexecdir='${exec_prefix}/libexec'
localstatedir='${prefix}/var'
mandir='${prefix}/man'
oldincludedir='/usr/include'
prefix='/usr/local'
program_transform_name='s,x,x,'
sbindir='${exec_prefix}/sbin'
sharedstatedir='${prefix}/com'
sysconfdir='${prefix}/etc'
target_alias=''

## ----------- ##
## confdefs.h. ##
## ----------- ##

#define ACCEL_DETECT
#define ATTRIBUTE_ALIGNED_MAX 64
#define HAVE_BUILTIN_EXPECT
#define HAVE_DLFCN_H 1
#define HAVE_FTIME 1
#define HAVE_GETTIMEOFDAY 1
#define HAVE_INTTYPES_H 1
#define HAVE_MEMALIGN 1
#define HAVE_MEMORY_H 1
#define HAVE_STDINT_H 1
#define HAVE_STDLIB_H 1
#define HAVE_STRINGS_H 1
#define HAVE_STRING_H 1
#define HAVE_SYS_STAT_H 1
#define HAVE_SYS_TIMEB_H 1
#define HAVE_SYS_TIME_H 1
#define HAVE_SYS_TYPES_H 1
#define HAVE_UNISTD_H 1
#define LIBVO_SDL
#define PACKAGE "mpeg2dec"
#define PACKAGE_BUGREPORT ""
#define PACKAGE_NAME ""
#define PACKAGE_STRING ""
#define PACKAGE_TARNAME ""
#define PACKAGE_VERSION ""
#define RETSIGTYPE void
#define STDC_HEADERS 1
#define VERSION "0.3.1"
#define X_DISPLAY_MISSING 1
#define inline __attribute__ ((__always_inline__))
#define restrict __restrict__

configure: exit 0
